2015-07-15 13:56:45 [127.0.0.1][-][-][error][yii\web\HttpException:404] exception 'yii\base\InvalidRouteException' with message 'Unable to resolve the request "".' in C:\OpenServer\domains\blogYii.local\basic\vendor\yiisoft\yii2\base\Module.php:461
Stack trace:
#0 C:\OpenServer\domains\blogYii.local\basic\vendor\yiisoft\yii2\web\Application.php(84): yii\base\Module->runAction('', Array)
#1 C:\OpenServer\domains\blogYii.local\basic\vendor\yiisoft\yii2\base\Application.php(375): yii\web\Application->handleRequest(Object(yii\web\Request))
#2 C:\OpenServer\domains\blogYii.local\basic\web\index.php(12): yii\base\Application->run()
#3 {main}

Next exception 'yii\web\NotFoundHttpException' with message 'Page not found.' in C:\OpenServer\domains\blogYii.local\basic\vendor\yiisoft\yii2\web\Application.php:96
Stack trace:
#0 C:\OpenServer\domains\blogYii.local\basic\vendor\yiisoft\yii2\base\Application.php(375): yii\web\Application->handleRequest(Object(yii\web\Request))
#1 C:\OpenServer\domains\blogYii.local\basic\web\index.php(12): yii\base\Application->run()
#2 {main}
2015-07-15 13:56:45 [127.0.0.1][-][-][info][application] $_COOKIE = [
    '_csrf' => 'e7c0086ecedc47a3dd95f3b8916725e9b1dc58d86f4e605b52be96847d8022dea:2:{i:0;s:5:\"_csrf\";i:1;s:32:\"gfcCevFKoE6VBypfXTCsIJxFRzY5gDMu\";}'
]

$_SERVER = [
    'HTTP_HOST' => 'blogyii.local'
    'HTTP_CONNECTION' => 'keep-alive'
    'HTTP_CACHE_CONTROL' => 'max-age=0'
    'HTTP_ACCEPT' => 'text/html,application/xhtml+xml,application/xml;q=0.9,image/webp,*/*;q=0.8'
    'HTTP_USER_AGENT' => 'Mozilla/5.0 (Windows NT 6.3) AppleWebKit/537.36 (KHTML, like Gecko) Chrome/45.0.2453.0 Safari/537.36'
    'HTTP_HTTPS' => '1'
    'HTTP_ACCEPT_ENCODING' => 'gzip, deflate, sdch'
    'HTTP_ACCEPT_LANGUAGE' => 'uk-UA,uk;q=0.8,ru;q=0.6,en-US;q=0.4,en;q=0.2'
    'HTTP_COOKIE' => '_csrf=e7c0086ecedc47a3dd95f3b8916725e9b1dc58d86f4e605b52be96847d8022dea%3A2%3A%7Bi%3A0%3Bs%3A5%3A%22_csrf%22%3Bi%3A1%3Bs%3A32%3A%22gfcCevFKoE6VBypfXTCsIJxFRzY5gDMu%22%3B%7D'
    'PATH' => 'c:\\openserver\\modules\\php\\PHP-5.5\\ext;c:\\openserver\\modules\\php\\PHP-5.5\\pear;c:\\openserver\\modules\\php\\PHP-5.5\\pear\\bin;c:\\openserver\\modules\\php\\PHP-5.5;c:\\openserver\\modules\\imagemagick;c:\\openserver\\modules\\wget\\bin;c:\\openserver\\modules\\git;c:\\openserver\\modules\\git\\bin;c:\\openserver\\modules\\git\\mingw\\bin;c:\\openserver\\modules\\git\\cmd;c:\\openserver\\modules\\database\\MySQL-5.5\\bin;c:\\openserver\\modules\\http\\Apache-2.4\\bin;c:\\openserver\\modules\\http\\Apache-2.4;C:\\Windows\\system32;C:\\Windows;C:\\Windows\\system32\\Wbem;C:\\OpenServer\\userdata\\config\\MySQL-5.6_my.ini'
    'SystemRoot' => 'C:\\Windows'
    'COMSPEC' => 'C:\\Windows\\system32\\cmd.exe'
    'PATHEXT' => '.COM;.EXE;.BAT;.CMD;.VBS;.VBE;.JS;.JSE;.WSF;.WSH;.MSC'
    'WINDIR' => 'C:\\Windows'
    'SERVER_SIGNATURE' => ''
    'SERVER_SOFTWARE' => 'Apache/2.4.10 (Win32)'
    'SERVER_NAME' => 'blogyii.local'
    'SERVER_ADDR' => '127.0.0.1'
    'SERVER_PORT' => '80'
    'REMOTE_ADDR' => '127.0.0.1'
    'DOCUMENT_ROOT' => 'C:/OpenServer/domains/blogYii.local'
    'REQUEST_SCHEME' => 'http'
    'CONTEXT_PREFIX' => ''
    'CONTEXT_DOCUMENT_ROOT' => 'C:/OpenServer/domains/blogYii.local'
    'SERVER_ADMIN' => '[no address given]'
    'SCRIPT_FILENAME' => 'C:/OpenServer/domains/blogYii.local/basic/web/index.php'
    'REMOTE_PORT' => '23200'
    'GATEWAY_INTERFACE' => 'CGI/1.1'
    'SERVER_PROTOCOL' => 'HTTP/1.1'
    'REQUEST_METHOD' => 'GET'
    'QUERY_STRING' => ''
    'REQUEST_URI' => '/basic/web/'
    'SCRIPT_NAME' => '/basic/web/index.php'
    'PHP_SELF' => '/basic/web/index.php'
    'REQUEST_TIME_FLOAT' => 1436957805.256
    'REQUEST_TIME' => 1436957805
    'argv' => []
    'argc' => 0
]
